<?xml version="1.0" encoding="utf-8"?><testsuites name="pytest tests"><testsuite name="pytest" errors="0" failures="0" skipped="0" tests="21" time="3.781" timestamp="2026-06-28T16:26:33.838106+00:00" hostname="agent-env-00a9c1eb-a795-4bfd-818d-29e94f283be3"><testcase classname="backend.tests.backend_test" name="test_health" time="0.311" /><testcase classname="backend.tests.backend_test.TestAuth" name="test_login_admin" time="0.128" /><testcase classname="backend.tests.backend_test.TestAuth" name="test_login_invalid" time="0.126" /><testcase classname="backend.tests.backend_test.TestAuth" name="test_register_new_user" time="0.245" /><testcase classname="backend.tests.backend_test.TestAuth" name="test_me_with_token" time="0.190" /><testcase classname="backend.tests.backend_test.TestAuth" name="test_protected_without_token" time="0.047" /><testcase classname="backend.tests.backend_test.TestAuth" name="test_dashboard_without_token" time="0.044" /><testcase classname="backend.tests.backend_test.TestCatalog" name="test_categories_list" time="0.054" /><testcase classname="backend.tests.backend_test.TestCatalog" name="test_fashion_suppliers" time="0.048" /><testcase classname="backend.tests.backend_test.TestCatalog" name="test_all_suppliers" time="0.048" /><testcase classname="backend.tests.backend_test.TestCatalog" name="test_toggle_supplier" time="0.159" /><testcase classname="backend.tests.backend_test.TestWeightProfiles" name="test_list" time="0.056" /><testcase classname="backend.tests.backend_test.TestSearch" name="test_search_returns_results_and_recommendation" time="0.217" /><testcase classname="backend.tests.backend_test.TestSearch" name="test_weight_profiles_can_change_ranking" time="0.571" /><testcase classname="backend.tests.backend_test.TestRecommendation" name="test_recommend_from_products" time="0.221" /><testcase classname="backend.tests.backend_test.TestHistory" name="test_list_and_delete" time="0.841" /><testcase classname="backend.tests.backend_test.TestDashboard" name="test_dashboard_payload" time="0.055" /><testcase classname="backend.tests.backend_test.TestDashboard" name="test_analytics_spend" time="0.054" /><testcase classname="backend.tests.backend_test.TestDashboard" name="test_analytics_savings" time="0.053" /><testcase classname="backend.tests.backend_test.TestDashboard" name="test_insights" time="0.046" /><testcase classname="backend.tests.backend_test.TestPreferences" name="test_get_and_update" time="0.165" /></testsuite></testsuites>